Arguments: 
  /data/data/com.termux/files/usr/bin/node /data/data/com.termux/files/usr/share/yarn/bin/yarn.js add github:JastinXyz/whatscode.js

PATH: 
  /data/data/com.termux/files/usr/bin

Yarn version: 
  1.22.19

Node version: 
  19.4.0

Platform: 
  android arm64

Trace: 
  Error: EPERM: operation not permitted, symlink '../../../../pino/bin.js' -> '/storage/emulated/0/test/node_modules/@adiwajshing/baileys/node_modules/.bin/pino'

npm manifest: 
  {
    "name": "whatscode",
    "version": "1.6.8",
    "description": "whatscode.js is a package to create Whatsapp bots easily and quickly, even coding experience is not needed.",
    "main": "index.js",
    "scripts": {
      "test": "echo \"Error: no test specified\" && exit 1"
    },
    "engines": {
      "node": ">=14.19.3"
    },
    "repository": {
      "type": "git",
      "url": "git+https://github.com/JastinXyz/whatscode.js.git"
    },
    "bugs": {
      "url": "https://github.com/JastinXyz/whatscode.js/issues"
    },
    "homepage": "https://whatscode.jstnlt.my.id",
    "keywords": [
      "whatsapp",
      "whatsapp-bot",
      "bot",
      "baileys",
      "baileys-md",
      "whatsapp-web",
      "whatsapp-api",
      "md"
    ],
    "author": "JstnLT <jastinlinggar@gmail.com> (jstnlt.my.id)",
    "license": "MIT",
    "dependencies": {
      "@adiwajshing/baileys": "^4.1.0",
      "@hapi/boom": "^10.0.0",
      "axios": "^0.27.2",
      "ms-parser": "^1.0.5",
      "pino": "^7.11.0",
      "qrcode-terminal": "^0.12.0",
      "whatscode.db": "^1.5.0"
    },
    "devDependencies": {}
  }

yarn manifest: 
  No manifest

Lockfile: 
  No lockfile
